<?xml version="1.0" encoding="utf-8"?><testsuites><testsuite errors="0" failures="0" hostname="DESKTOP-GR9FR2V" name="pytest" skipped="0" tests="4" time="6.030" timestamp="2020-05-18T21:36:33.812027"><testcase classname="test_submit" file="test_submit.py" line="3" name="test_q1" time="0.104"></testcase><testcase classname="test_submit" file="test_submit.py" line="8" name="test_q2" time="0.097"></testcase><testcase classname="test_submit" file="test_submit.py" line="13" name="test_q3" time="0.114"></testcase><testcase classname="test_submit" file="test_submit.py" line="18" name="test_q4" time="0.655"></testcase></testsuite></testsuites>